<?xml version="1.0" encoding="UTF-8" ?>
<testsuite tests="1" failures="0" name="TestSuite" time="61.479" errors="0" skipped="0">
  <properties>
    <property name="java.runtime.name" value="Java(TM) SE Runtime Environment"/>
    <property name="sun.boot.library.path" value="/Library/Java/JavaVirtualMachines/jdk1.8.0_144.jdk/Contents/Home/jre/lib"/>
    <property name="java.vm.version" value="25.144-b01"/>
    <property name="gopherProxySet" value="false"/>
    <property name="java.vm.vendor" value="Oracle Corporation"/>
    <property name="java.vendor.url" value="http://java.oracle.com/"/>
    <property name="path.separator" value=":"/>
    <property name="java.vm.name" value="Java HotSpot(TM) 64-Bit Server VM"/>
    <property name="file.encoding.pkg" value="sun.io"/>
    <property name="user.country" value="CN"/>
    <property name="sun.java.launcher" value="SUN_STANDARD"/>
    <property name="sun.os.patch.level" value="unknown"/>
    <property name="java.vm.specification.name" value="Java Virtual Machine Specification"/>
    <property name="user.dir" value="/Users/jiapeng/Documents/workspace/dongman"/>
    <property name="java.runtime.version" value="1.8.0_144-b01"/>
    <property name="java.awt.graphicsenv" value="sun.awt.CGraphicsEnvironment"/>
    <property name="basedir" value="/Users/jiapeng/Documents/workspace/dongman"/>
    <property name="java.endorsed.dirs" value="/Library/Java/JavaVirtualMachines/jdk1.8.0_144.jdk/Contents/Home/jre/lib/endorsed"/>
    <property name="os.arch" value="x86_64"/>
    <property name="surefire.real.class.path" value="/Users/jiapeng/Documents/workspace/dongman/target/surefire/surefirebooter4965557048410892300.jar"/>
    <property name="java.io.tmpdir" value="/var/folders/fs/cjyg_gjj7bb24wcx7p0q5x380000gn/T/"/>
    <property name="line.separator" value="
"/>
    <property name="java.vm.specification.vendor" value="Oracle Corporation"/>
    <property name="os.name" value="Mac OS X"/>
    <property name="sun.jnu.encoding" value="UTF-8"/>
    <property name="java.library.path" value="/Users/jiapeng/Library/Java/Extensions:/Library/Java/Extensions:/Network/Library/Java/Extensions:/System/Library/Java/Extensions:/usr/lib/java:."/>
    <property name="surefire.test.class.path" value="/Users/jiapeng/Documents/workspace/dongman/target/test-classes:/Users/jiapeng/Documents/workspace/dongman/target/classes:/Users/jiapeng/.m2/repository/io/qameta/allure/allure-testng/2.6.0/allure-testng-2.6.0.jar:/Users/jiapeng/.m2/repository/io/qameta/allure/allure-descriptions-javadoc/2.6.0/allure-descriptions-javadoc-2.6.0.jar:/Users/jiapeng/.m2/repository/io/qameta/allure/allure-java-commons/2.6.0/allure-java-commons-2.6.0.jar:/Users/jiapeng/.m2/repository/io/qameta/allure/allure2-model-api/1.0-BETA6/allure2-model-api-1.0-BETA6.jar:/Users/jiapeng/.m2/repository/io/qameta/allure/allure2-model-pojo/1.0-BETA6/allure2-model-pojo-1.0-BETA6.jar:/Users/jiapeng/.m2/repository/org/apache/tika/tika-core/1.14/tika-core-1.14.jar:/Users/jiapeng/.m2/repository/io/qameta/allure/allure2-model-jackson/1.0-BETA6/allure2-model-jackson-1.0-BETA6.jar:/Users/jiapeng/.m2/repository/com/fasterxml/jackson/core/jackson-databind/2.7.0/jackson-databind-2.7.0.jar:/Users/jiapeng/.m2/repository/com/fasterxml/jackson/core/jackson-annotations/2.7.0/jackson-annotations-2.7.0.jar:/Users/jiapeng/.m2/repository/com/fasterxml/jackson/core/jackson-core/2.7.0/jackson-core-2.7.0.jar:/Users/jiapeng/.m2/repository/com/fasterxml/jackson/module/jackson-module-jaxb-annotations/2.7.0/jackson-module-jaxb-annotations-2.7.0.jar:/Users/jiapeng/.m2/repository/org/aspectj/aspectjrt/1.8.10/aspectjrt-1.8.10.jar:/Users/jiapeng/.m2/repository/org/jooq/joor/0.9.6/joor-0.9.6.jar:/Users/jiapeng/.m2/repository/org/slf4j/slf4j-api/1.7.21/slf4j-api-1.7.21.jar:/Users/jiapeng/.m2/repository/org/seleniumhq/selenium/selenium-java/3.2.0/selenium-java-3.2.0.jar:/Users/jiapeng/.m2/repository/org/seleniumhq/selenium/selenium-chrome-driver/3.2.0/selenium-chrome-driver-3.2.0.jar:/Users/jiapeng/.m2/repository/org/seleniumhq/selenium/selenium-remote-driver/3.2.0/selenium-remote-driver-3.2.0.jar:/Users/jiapeng/.m2/repository/org/seleniumhq/selenium/selenium-api/3.2.0/selenium-api-3.2.0.jar:/Users/jiapeng/.m2/repository/cglib/cglib-nodep/3.2.4/cglib-nodep-3.2.4.jar:/Users/jiapeng/.m2/repository/org/apache/commons/commons-exec/1.3/commons-exec-1.3.jar:/Users/jiapeng/.m2/repository/net/java/dev/jna/jna-platform/4.1.0/jna-platform-4.1.0.jar:/Users/jiapeng/.m2/repository/net/java/dev/jna/jna/4.1.0/jna-4.1.0.jar:/Users/jiapeng/.m2/repository/org/seleniumhq/selenium/selenium-edge-driver/3.2.0/selenium-edge-driver-3.2.0.jar:/Users/jiapeng/.m2/repository/org/seleniumhq/selenium/selenium-firefox-driver/3.2.0/selenium-firefox-driver-3.2.0.jar:/Users/jiapeng/.m2/repository/org/seleniumhq/selenium/selenium-ie-driver/3.2.0/selenium-ie-driver-3.2.0.jar:/Users/jiapeng/.m2/repository/org/seleniumhq/selenium/selenium-opera-driver/3.2.0/selenium-opera-driver-3.2.0.jar:/Users/jiapeng/.m2/repository/org/seleniumhq/selenium/selenium-safari-driver/3.2.0/selenium-safari-driver-3.2.0.jar:/Users/jiapeng/.m2/repository/com/codeborne/phantomjsdriver/1.4.0/phantomjsdriver-1.4.0.jar:/Users/jiapeng/.m2/repository/org/seleniumhq/selenium/htmlunit-driver/2.24/htmlunit-driver-2.24.jar:/Users/jiapeng/.m2/repository/org/seleniumhq/selenium/selenium-support/3.141.59/selenium-support-3.141.59.jar:/Users/jiapeng/.m2/repository/net/bytebuddy/byte-buddy/1.8.15/byte-buddy-1.8.15.jar:/Users/jiapeng/.m2/repository/com/squareup/okhttp3/okhttp/3.11.0/okhttp-3.11.0.jar:/Users/jiapeng/.m2/repository/com/squareup/okio/okio/1.14.0/okio-1.14.0.jar:/Users/jiapeng/.m2/repository/net/sourceforge/htmlunit/htmlunit/2.24/htmlunit-2.24.jar:/Users/jiapeng/.m2/repository/xalan/xalan/2.7.2/xalan-2.7.2.jar:/Users/jiapeng/.m2/repository/xalan/serializer/2.7.2/serializer-2.7.2.jar:/Users/jiapeng/.m2/repository/org/apache/httpcomponents/httpmime/4.5.2/httpmime-4.5.2.jar:/Users/jiapeng/.m2/repository/net/sourceforge/htmlunit/htmlunit-core-js/2.23/htmlunit-core-js-2.23.jar:/Users/jiapeng/.m2/repository/net/sourceforge/htmlunit/neko-htmlunit/2.24/neko-htmlunit-2.24.jar:/Users/jiapeng/.m2/repository/xerces/xercesImpl/2.11.0/xercesImpl-2.11.0.jar:/Users/jiapeng/.m2/repository/net/sourceforge/cssparser/cssparser/0.9.21/cssparser-0.9.21.jar:/Users/jiapeng/.m2/repository/org/w3c/css/sac/1.3/sac-1.3.jar:/Users/jiapeng/.m2/repository/org/eclipse/jetty/websocket/websocket-client/9.2.20.v20161216/websocket-client-9.2.20.v20161216.jar:/Users/jiapeng/.m2/repository/org/eclipse/jetty/jetty-util/9.2.20.v20161216/jetty-util-9.2.20.v20161216.jar:/Users/jiapeng/.m2/repository/org/eclipse/jetty/jetty-io/9.2.20.v20161216/jetty-io-9.2.20.v20161216.jar:/Users/jiapeng/.m2/repository/org/eclipse/jetty/websocket/websocket-common/9.2.20.v20161216/websocket-common-9.2.20.v20161216.jar:/Users/jiapeng/.m2/repository/org/eclipse/jetty/websocket/websocket-api/9.2.20.v20161216/websocket-api-9.2.20.v20161216.jar:/Users/jiapeng/.m2/repository/com/google/code/gson/gson/2.8.0/gson-2.8.0.jar:/Users/jiapeng/.m2/repository/org/apache/httpcomponents/httpclient/4.5.2/httpclient-4.5.2.jar:/Users/jiapeng/.m2/repository/commons-logging/commons-logging/1.2/commons-logging-1.2.jar:/Users/jiapeng/.m2/repository/commons-codec/commons-codec/1.9/commons-codec-1.9.jar:/Users/jiapeng/.m2/repository/cglib/cglib/3.2.4/cglib-3.2.4.jar:/Users/jiapeng/.m2/repository/org/ow2/asm/asm/5.1/asm-5.1.jar:/Users/jiapeng/.m2/repository/org/apache/ant/ant/1.9.6/ant-1.9.6.jar:/Users/jiapeng/.m2/repository/org/apache/ant/ant-launcher/1.9.6/ant-launcher-1.9.6.jar:/Users/jiapeng/.m2/repository/commons-validator/commons-validator/1.5.1/commons-validator-1.5.1.jar:/Users/jiapeng/.m2/repository/commons-beanutils/commons-beanutils/1.9.2/commons-beanutils-1.9.2.jar:/Users/jiapeng/.m2/repository/commons-digester/commons-digester/1.8.1/commons-digester-1.8.1.jar:/Users/jiapeng/.m2/repository/commons-collections/commons-collections/3.2.2/commons-collections-3.2.2.jar:/Users/jiapeng/.m2/repository/org/apache/commons/commons-lang3/3.5/commons-lang3-3.5.jar:/Users/jiapeng/.m2/repository/commons-io/commons-io/2.5/commons-io-2.5.jar:/Users/jiapeng/.m2/repository/org/springframework/spring-context/4.3.5.RELEASE/spring-context-4.3.5.RELEASE.jar:/Users/jiapeng/.m2/repository/org/springframework/spring-aop/4.3.5.RELEASE/spring-aop-4.3.5.RELEASE.jar:/Users/jiapeng/.m2/repository/org/springframework/spring-beans/4.3.5.RELEASE/spring-beans-4.3.5.RELEASE.jar:/Users/jiapeng/.m2/repository/org/springframework/spring-core/4.3.5.RELEASE/spring-core-4.3.5.RELEASE.jar:/Users/jiapeng/.m2/repository/org/springframework/spring-expression/4.3.5.RELEASE/spring-expression-4.3.5.RELEASE.jar:/Users/jiapeng/.m2/repository/org/aspectj/aspectjweaver/1.8.10/aspectjweaver-1.8.10.jar:/Users/jiapeng/.m2/repository/dom4j/dom4j/1.6/dom4j-1.6.jar:/Users/jiapeng/.m2/repository/log4j/log4j/1.2.17/log4j-1.2.17.jar:/Users/jiapeng/.m2/repository/com/beust/jcommander/1.30/jcommander-1.30.jar:/Users/jiapeng/.m2/repository/xml-apis/xml-apis/1.4.01/xml-apis-1.4.01.jar:/Users/jiapeng/.m2/repository/io/appium/java-client/5.0.0-BETA5/java-client-5.0.0-BETA5.jar:/Users/jiapeng/.m2/repository/com/sun/mail/javax.mail/1.5.6/javax.mail-1.5.6.jar:/Users/jiapeng/.m2/repository/javax/activation/activation/1.1/activation-1.1.jar:/Users/jiapeng/.m2/repository/org/apache/poi/poi/3.12/poi-3.12.jar:/Users/jiapeng/.m2/repository/org/apache/poi/poi-ooxml/3.12/poi-ooxml-3.12.jar:/Users/jiapeng/.m2/repository/org/apache/poi/poi-ooxml-schemas/3.12/poi-ooxml-schemas-3.12.jar:/Users/jiapeng/.m2/repository/org/apache/xmlbeans/xmlbeans/2.6.0/xmlbeans-2.6.0.jar:/Users/jiapeng/.m2/repository/stax/stax-api/1.0.1/stax-api-1.0.1.jar:/Users/jiapeng/.m2/repository/net/sf/saxon/saxon-dom/8.7/saxon-dom-8.7.jar:/Users/jiapeng/.m2/repository/net/sf/saxon/saxon/8.7/saxon-8.7.jar:/Users/jiapeng/.m2/repository/org/testng/testng/6.10/testng-6.10.jar:/Users/jiapeng/.m2/repository/com/google/guava/guava/23.6-jre/guava-23.6-jre.jar:/Users/jiapeng/.m2/repository/com/google/code/findbugs/jsr305/1.3.9/jsr305-1.3.9.jar:/Users/jiapeng/.m2/repository/org/checkerframework/checker-compat-qual/2.0.0/checker-compat-qual-2.0.0.jar:/Users/jiapeng/.m2/repository/com/google/errorprone/error_prone_annotations/2.1.3/error_prone_annotations-2.1.3.jar:/Users/jiapeng/.m2/repository/com/google/j2objc/j2objc-annotations/1.1/j2objc-annotations-1.1.jar:/Users/jiapeng/.m2/repository/org/codehaus/mojo/animal-sniffer-annotations/1.14/animal-sniffer-annotations-1.14.jar:/Users/jiapeng/.m2/repository/org/apache/httpcomponents/httpcore/4.4.8/httpcore-4.4.8.jar:/Users/jiapeng/.m2/repository/org/uncommons/reportng/1.1.4/reportng-1.1.4.jar:/Users/jiapeng/.m2/repository/velocity/velocity/1.4/velocity-1.4.jar:/Users/jiapeng/.m2/repository/velocity/velocity-dep/1.4/velocity-dep-1.4.jar:/Users/jiapeng/.m2/repository/mysql/mysql-connector-java/6.0.6/mysql-connector-java-6.0.6.jar:/Users/jiapeng/.m2/repository/com/google/inject/guice/3.0/guice-3.0.jar:/Users/jiapeng/.m2/repository/javax/inject/javax.inject/1/javax.inject-1.jar:/Users/jiapeng/.m2/repository/aopalliance/aopalliance/1.0/aopalliance-1.0.jar:"/>
    <property name="java.specification.name" value="Java Platform API Specification"/>
    <property name="java.class.version" value="52.0"/>
    <property name="sun.management.compiler" value="HotSpot 64-Bit Tiered Compilers"/>
    <property name="os.version" value="10.13.6"/>
    <property name="user.home" value="/Users/jiapeng"/>
    <property name="user.timezone" value="Asia/Shanghai"/>
    <property name="java.awt.printerjob" value="sun.lwawt.macosx.CPrinterJob"/>
    <property name="java.specification.version" value="1.8"/>
    <property name="file.encoding" value="UTF-8"/>
    <property name="user.name" value="jiapeng"/>
    <property name="java.class.path" value="/Users/jiapeng/Documents/workspace/dongman/target/test-classes:/Users/jiapeng/Documents/workspace/dongman/target/classes:/Users/jiapeng/.m2/repository/io/qameta/allure/allure-testng/2.6.0/allure-testng-2.6.0.jar:/Users/jiapeng/.m2/repository/io/qameta/allure/allure-descriptions-javadoc/2.6.0/allure-descriptions-javadoc-2.6.0.jar:/Users/jiapeng/.m2/repository/io/qameta/allure/allure-java-commons/2.6.0/allure-java-commons-2.6.0.jar:/Users/jiapeng/.m2/repository/io/qameta/allure/allure2-model-api/1.0-BETA6/allure2-model-api-1.0-BETA6.jar:/Users/jiapeng/.m2/repository/io/qameta/allure/allure2-model-pojo/1.0-BETA6/allure2-model-pojo-1.0-BETA6.jar:/Users/jiapeng/.m2/repository/org/apache/tika/tika-core/1.14/tika-core-1.14.jar:/Users/jiapeng/.m2/repository/io/qameta/allure/allure2-model-jackson/1.0-BETA6/allure2-model-jackson-1.0-BETA6.jar:/Users/jiapeng/.m2/repository/com/fasterxml/jackson/core/jackson-databind/2.7.0/jackson-databind-2.7.0.jar:/Users/jiapeng/.m2/repository/com/fasterxml/jackson/core/jackson-annotations/2.7.0/jackson-annotations-2.7.0.jar:/Users/jiapeng/.m2/repository/com/fasterxml/jackson/core/jackson-core/2.7.0/jackson-core-2.7.0.jar:/Users/jiapeng/.m2/repository/com/fasterxml/jackson/module/jackson-module-jaxb-annotations/2.7.0/jackson-module-jaxb-annotations-2.7.0.jar:/Users/jiapeng/.m2/repository/org/aspectj/aspectjrt/1.8.10/aspectjrt-1.8.10.jar:/Users/jiapeng/.m2/repository/org/jooq/joor/0.9.6/joor-0.9.6.jar:/Users/jiapeng/.m2/repository/org/slf4j/slf4j-api/1.7.21/slf4j-api-1.7.21.jar:/Users/jiapeng/.m2/repository/org/seleniumhq/selenium/selenium-java/3.2.0/selenium-java-3.2.0.jar:/Users/jiapeng/.m2/repository/org/seleniumhq/selenium/selenium-chrome-driver/3.2.0/selenium-chrome-driver-3.2.0.jar:/Users/jiapeng/.m2/repository/org/seleniumhq/selenium/selenium-remote-driver/3.2.0/selenium-remote-driver-3.2.0.jar:/Users/jiapeng/.m2/repository/org/seleniumhq/selenium/selenium-api/3.2.0/selenium-api-3.2.0.jar:/Users/jiapeng/.m2/repository/cglib/cglib-nodep/3.2.4/cglib-nodep-3.2.4.jar:/Users/jiapeng/.m2/repository/org/apache/commons/commons-exec/1.3/commons-exec-1.3.jar:/Users/jiapeng/.m2/repository/net/java/dev/jna/jna-platform/4.1.0/jna-platform-4.1.0.jar:/Users/jiapeng/.m2/repository/net/java/dev/jna/jna/4.1.0/jna-4.1.0.jar:/Users/jiapeng/.m2/repository/org/seleniumhq/selenium/selenium-edge-driver/3.2.0/selenium-edge-driver-3.2.0.jar:/Users/jiapeng/.m2/repository/org/seleniumhq/selenium/selenium-firefox-driver/3.2.0/selenium-firefox-driver-3.2.0.jar:/Users/jiapeng/.m2/repository/org/seleniumhq/selenium/selenium-ie-driver/3.2.0/selenium-ie-driver-3.2.0.jar:/Users/jiapeng/.m2/repository/org/seleniumhq/selenium/selenium-opera-driver/3.2.0/selenium-opera-driver-3.2.0.jar:/Users/jiapeng/.m2/repository/org/seleniumhq/selenium/selenium-safari-driver/3.2.0/selenium-safari-driver-3.2.0.jar:/Users/jiapeng/.m2/repository/com/codeborne/phantomjsdriver/1.4.0/phantomjsdriver-1.4.0.jar:/Users/jiapeng/.m2/repository/org/seleniumhq/selenium/htmlunit-driver/2.24/htmlunit-driver-2.24.jar:/Users/jiapeng/.m2/repository/org/seleniumhq/selenium/selenium-support/3.141.59/selenium-support-3.141.59.jar:/Users/jiapeng/.m2/repository/net/bytebuddy/byte-buddy/1.8.15/byte-buddy-1.8.15.jar:/Users/jiapeng/.m2/repository/com/squareup/okhttp3/okhttp/3.11.0/okhttp-3.11.0.jar:/Users/jiapeng/.m2/repository/com/squareup/okio/okio/1.14.0/okio-1.14.0.jar:/Users/jiapeng/.m2/repository/net/sourceforge/htmlunit/htmlunit/2.24/htmlunit-2.24.jar:/Users/jiapeng/.m2/repository/xalan/xalan/2.7.2/xalan-2.7.2.jar:/Users/jiapeng/.m2/repository/xalan/serializer/2.7.2/serializer-2.7.2.jar:/Users/jiapeng/.m2/repository/org/apache/httpcomponents/httpmime/4.5.2/httpmime-4.5.2.jar:/Users/jiapeng/.m2/repository/net/sourceforge/htmlunit/htmlunit-core-js/2.23/htmlunit-core-js-2.23.jar:/Users/jiapeng/.m2/repository/net/sourceforge/htmlunit/neko-htmlunit/2.24/neko-htmlunit-2.24.jar:/Users/jiapeng/.m2/repository/xerces/xercesImpl/2.11.0/xercesImpl-2.11.0.jar:/Users/jiapeng/.m2/repository/net/sourceforge/cssparser/cssparser/0.9.21/cssparser-0.9.21.jar:/Users/jiapeng/.m2/repository/org/w3c/css/sac/1.3/sac-1.3.jar:/Users/jiapeng/.m2/repository/org/eclipse/jetty/websocket/websocket-client/9.2.20.v20161216/websocket-client-9.2.20.v20161216.jar:/Users/jiapeng/.m2/repository/org/eclipse/jetty/jetty-util/9.2.20.v20161216/jetty-util-9.2.20.v20161216.jar:/Users/jiapeng/.m2/repository/org/eclipse/jetty/jetty-io/9.2.20.v20161216/jetty-io-9.2.20.v20161216.jar:/Users/jiapeng/.m2/repository/org/eclipse/jetty/websocket/websocket-common/9.2.20.v20161216/websocket-common-9.2.20.v20161216.jar:/Users/jiapeng/.m2/repository/org/eclipse/jetty/websocket/websocket-api/9.2.20.v20161216/websocket-api-9.2.20.v20161216.jar:/Users/jiapeng/.m2/repository/com/google/code/gson/gson/2.8.0/gson-2.8.0.jar:/Users/jiapeng/.m2/repository/org/apache/httpcomponents/httpclient/4.5.2/httpclient-4.5.2.jar:/Users/jiapeng/.m2/repository/commons-logging/commons-logging/1.2/commons-logging-1.2.jar:/Users/jiapeng/.m2/repository/commons-codec/commons-codec/1.9/commons-codec-1.9.jar:/Users/jiapeng/.m2/repository/cglib/cglib/3.2.4/cglib-3.2.4.jar:/Users/jiapeng/.m2/repository/org/ow2/asm/asm/5.1/asm-5.1.jar:/Users/jiapeng/.m2/repository/org/apache/ant/ant/1.9.6/ant-1.9.6.jar:/Users/jiapeng/.m2/repository/org/apache/ant/ant-launcher/1.9.6/ant-launcher-1.9.6.jar:/Users/jiapeng/.m2/repository/commons-validator/commons-validator/1.5.1/commons-validator-1.5.1.jar:/Users/jiapeng/.m2/repository/commons-beanutils/commons-beanutils/1.9.2/commons-beanutils-1.9.2.jar:/Users/jiapeng/.m2/repository/commons-digester/commons-digester/1.8.1/commons-digester-1.8.1.jar:/Users/jiapeng/.m2/repository/commons-collections/commons-collections/3.2.2/commons-collections-3.2.2.jar:/Users/jiapeng/.m2/repository/org/apache/commons/commons-lang3/3.5/commons-lang3-3.5.jar:/Users/jiapeng/.m2/repository/commons-io/commons-io/2.5/commons-io-2.5.jar:/Users/jiapeng/.m2/repository/org/springframework/spring-context/4.3.5.RELEASE/spring-context-4.3.5.RELEASE.jar:/Users/jiapeng/.m2/repository/org/springframework/spring-aop/4.3.5.RELEASE/spring-aop-4.3.5.RELEASE.jar:/Users/jiapeng/.m2/repository/org/springframework/spring-beans/4.3.5.RELEASE/spring-beans-4.3.5.RELEASE.jar:/Users/jiapeng/.m2/repository/org/springframework/spring-core/4.3.5.RELEASE/spring-core-4.3.5.RELEASE.jar:/Users/jiapeng/.m2/repository/org/springframework/spring-expression/4.3.5.RELEASE/spring-expression-4.3.5.RELEASE.jar:/Users/jiapeng/.m2/repository/org/aspectj/aspectjweaver/1.8.10/aspectjweaver-1.8.10.jar:/Users/jiapeng/.m2/repository/dom4j/dom4j/1.6/dom4j-1.6.jar:/Users/jiapeng/.m2/repository/log4j/log4j/1.2.17/log4j-1.2.17.jar:/Users/jiapeng/.m2/repository/com/beust/jcommander/1.30/jcommander-1.30.jar:/Users/jiapeng/.m2/repository/xml-apis/xml-apis/1.4.01/xml-apis-1.4.01.jar:/Users/jiapeng/.m2/repository/io/appium/java-client/5.0.0-BETA5/java-client-5.0.0-BETA5.jar:/Users/jiapeng/.m2/repository/com/sun/mail/javax.mail/1.5.6/javax.mail-1.5.6.jar:/Users/jiapeng/.m2/repository/javax/activation/activation/1.1/activation-1.1.jar:/Users/jiapeng/.m2/repository/org/apache/poi/poi/3.12/poi-3.12.jar:/Users/jiapeng/.m2/repository/org/apache/poi/poi-ooxml/3.12/poi-ooxml-3.12.jar:/Users/jiapeng/.m2/repository/org/apache/poi/poi-ooxml-schemas/3.12/poi-ooxml-schemas-3.12.jar:/Users/jiapeng/.m2/repository/org/apache/xmlbeans/xmlbeans/2.6.0/xmlbeans-2.6.0.jar:/Users/jiapeng/.m2/repository/stax/stax-api/1.0.1/stax-api-1.0.1.jar:/Users/jiapeng/.m2/repository/net/sf/saxon/saxon-dom/8.7/saxon-dom-8.7.jar:/Users/jiapeng/.m2/repository/net/sf/saxon/saxon/8.7/saxon-8.7.jar:/Users/jiapeng/.m2/repository/org/testng/testng/6.10/testng-6.10.jar:/Users/jiapeng/.m2/repository/com/google/guava/guava/23.6-jre/guava-23.6-jre.jar:/Users/jiapeng/.m2/repository/com/google/code/findbugs/jsr305/1.3.9/jsr305-1.3.9.jar:/Users/jiapeng/.m2/repository/org/checkerframework/checker-compat-qual/2.0.0/checker-compat-qual-2.0.0.jar:/Users/jiapeng/.m2/repository/com/google/errorprone/error_prone_annotations/2.1.3/error_prone_annotations-2.1.3.jar:/Users/jiapeng/.m2/repository/com/google/j2objc/j2objc-annotations/1.1/j2objc-annotations-1.1.jar:/Users/jiapeng/.m2/repository/org/codehaus/mojo/animal-sniffer-annotations/1.14/animal-sniffer-annotations-1.14.jar:/Users/jiapeng/.m2/repository/org/apache/httpcomponents/httpcore/4.4.8/httpcore-4.4.8.jar:/Users/jiapeng/.m2/repository/org/uncommons/reportng/1.1.4/reportng-1.1.4.jar:/Users/jiapeng/.m2/repository/velocity/velocity/1.4/velocity-1.4.jar:/Users/jiapeng/.m2/repository/velocity/velocity-dep/1.4/velocity-dep-1.4.jar:/Users/jiapeng/.m2/repository/mysql/mysql-connector-java/6.0.6/mysql-connector-java-6.0.6.jar:/Users/jiapeng/.m2/repository/com/google/inject/guice/3.0/guice-3.0.jar:/Users/jiapeng/.m2/repository/javax/inject/javax.inject/1/javax.inject-1.jar:/Users/jiapeng/.m2/repository/aopalliance/aopalliance/1.0/aopalliance-1.0.jar:"/>
    <property name="java.vm.specification.version" value="1.8"/>
    <property name="sun.arch.data.model" value="64"/>
    <property name="java.home" value="/Library/Java/JavaVirtualMachines/jdk1.8.0_144.jdk/Contents/Home/jre"/>
    <property name="sun.java.command" value="/Users/jiapeng/Documents/workspace/dongman/target/surefire/surefirebooter4965557048410892300.jar /Users/jiapeng/Documents/workspace/dongman/target/surefire/surefire6791349155283206597tmp /Users/jiapeng/Documents/workspace/dongman/target/surefire/surefire7459469446630415262tmp"/>
    <property name="java.specification.vendor" value="Oracle Corporation"/>
    <property name="user.language" value="zh"/>
    <property name="user.language.format" value="en"/>
    <property name="awt.toolkit" value="sun.lwawt.macosx.LWCToolkit"/>
    <property name="java.vm.info" value="mixed mode"/>
    <property name="java.version" value="1.8.0_144"/>
    <property name="java.ext.dirs" value="/Users/jiapeng/Library/Java/Extensions:/Library/Java/JavaVirtualMachines/jdk1.8.0_144.jdk/Contents/Home/jre/lib/ext:/Library/Java/Extensions:/Network/Library/Java/Extensions:/System/Library/Java/Extensions:/usr/lib/java"/>
    <property name="sun.boot.class.path" value="/Library/Java/JavaVirtualMachines/jdk1.8.0_144.jdk/Contents/Home/jre/lib/resources.jar:/Library/Java/JavaVirtualMachines/jdk1.8.0_144.jdk/Contents/Home/jre/lib/rt.jar:/Library/Java/JavaVirtualMachines/jdk1.8.0_144.jdk/Contents/Home/jre/lib/sunrsasign.jar:/Library/Java/JavaVirtualMachines/jdk1.8.0_144.jdk/Contents/Home/jre/lib/jsse.jar:/Library/Java/JavaVirtualMachines/jdk1.8.0_144.jdk/Contents/Home/jre/lib/jce.jar:/Library/Java/JavaVirtualMachines/jdk1.8.0_144.jdk/Contents/Home/jre/lib/charsets.jar:/Library/Java/JavaVirtualMachines/jdk1.8.0_144.jdk/Contents/Home/jre/lib/jfr.jar:/Library/Java/JavaVirtualMachines/jdk1.8.0_144.jdk/Contents/Home/jre/classes"/>
    <property name="java.vendor" value="Oracle Corporation"/>
    <property name="localRepository" value="/Users/jiapeng/.m2/repository"/>
    <property name="file.separator" value="/"/>
    <property name="java.vendor.url.bug" value="http://bugreport.sun.com/bugreport/"/>
    <property name="sun.cpu.endian" value="little"/>
    <property name="sun.io.unicode.encoding" value="UnicodeBig"/>
    <property name="sun.cpu.isalist" value=""/>
  </properties>
  <testcase classname="AndroidInstaller.dongman.apkInstallTest" name="androidApkCheck" time="60.486"/>
</testsuite>