<?xml version="1.0" encoding="UTF-8"?>
<!-- Generated by org.testng.reporters.JUnitReportReporter -->
<testsuite name="AndroidInstaller.dongman.apkInstallTest" tests="1" time="60.486" ignored="0" failures="0" timestamp="25 Feb 2019 08:53:55 GMT" skipped="0" hostname="jiapengdeMacBook-Pro.local" errors="0">
  <testcase name="androidApkCheck" time="60.486" classname="AndroidInstaller.dongman.apkInstallTest"/>
</testsuite> <!-- AndroidInstaller.dongman.apkInstallTest -->
